[33mΓ¥»[39m Building...
[32mΓ£ö[39m Building...
[1mInitial chunk files[22m  [2m | [22m[1mNames[22m                  [2m | [22m [1mRaw size[22m[2m | [22m[1mEstimated transfer size[22m
[32mchunk-3ZKUCPEO.js[39m    [2m | [22m[2m-[22m                      [2m | [22m[36m185.83 kB[39m[2m | [22m               [36m52.09 kB[39m
[32mchunk-YVXTB3XU.js[39m    [2m | [22m[2m-[22m                      [2m | [22m [36m88.83 kB[39m[2m | [22m               [36m22.05 kB[39m
[32mchunk-UZ57WIQF.js[39m    [2m | [22m[2m-[22m                      [2m | [22m [36m45.48 kB[39m[2m | [22m                [36m9.02 kB[39m
[32mpolyfills-FFHMD2TL.js[39m[2m | [22m[2mpolyfills[22m              [2m | [22m [36m34.52 kB[39m[2m | [22m               [36m11.28 kB[39m
[32mmain-YETXBVEJ.js[39m     [2m | [22m[2mmain[22m                   [2m | [22m [36m28.41 kB[39m[2m | [22m                [36m6.26 kB[39m
[32mstyles-ZRO4B5TY.css[39m  [2m | [22m[2mstyles[22m                 [2m | [22m  [36m1.77 kB[39m[2m | [22m              [36m584 bytes[39m
[32mchunk-2KYUUC5E.js[39m    [2m | [22m[2m-[22m                      [2m | [22m  [36m1.03 kB[39m[2m | [22m              [36m414 bytes[39m

[1m [22m                    [2m | [22m[1mInitial total[22m          [2m | [22m[1m385.87 kB[22m[2m | [22m              [1m101.70 kB[22m

[1mLazy chunk files[22m     [2m | [22m[1mNames[22m                  [2m | [22m [1mRaw size[22m[2m | [22m[1mEstimated transfer size[22m
[32mchunk-GSN4HBVT.js[39m    [2m | [22m[2m-[22m                      [2m | [22m [36m26.48 kB[39m[2m | [22m                [36m4.29 kB[39m
[32mchunk-U7FXYMKO.js[39m    [2m | [22m[2mprofile-component[22m      [2m | [22m [36m18.15 kB[39m[2m | [22m                [36m4.27 kB[39m
[32mchunk-JM7OUB63.js[39m    [2m | [22m[2mrequests-component[22m     [2m | [22m [36m17.06 kB[39m[2m | [22m                [36m4.29 kB[39m
[32mchunk-SOG5BJ76.js[39m    [2m | [22m[2mmy-requests-component[22m  [2m | [22m [36m17.02 kB[39m[2m | [22m                [36m4.34 kB[39m
[32mchunk-WPL6PLFN.js[39m    [2m | [22m[2mmy-tasks-component[22m     [2m | [22m [36m16.63 kB[39m[2m | [22m                [36m4.40 kB[39m
[32mchunk-CBGTWGII.js[39m    [2m | [22m[2madd-task-component[22m     [2m | [22m [36m15.27 kB[39m[2m | [22m                [36m4.30 kB[39m
[32mchunk-SOUEXNTP.js[39m    [2m | [22m[2mfeed-component[22m         [2m | [22m [36m13.88 kB[39m[2m | [22m                [36m3.74 kB[39m
[32mchunk-77NSJNLX.js[39m    [2m | [22m[2msettings-component[22m     [2m | [22m [36m11.58 kB[39m[2m | [22m                [36m3.04 kB[39m
[32mchunk-FI2IF7HP.js[39m    [2m | [22m[2mdashboard-module[22m       [2m | [22m [36m11.33 kB[39m[2m | [22m                [36m3.01 kB[39m
[32mchunk-7UK3BFB2.js[39m    [2m | [22m[2mnotifications-component[22m[2m | [22m  [36m4.42 kB[39m[2m | [22m                [36m1.54 kB[39m
[32mchunk-UE4K57B3.js[39m    [2m | [22m[2m-[22m                      [2m | [22m  [36m2.76 kB[39m[2m | [22m              [36m919 bytes[39m
[32mchunk-2JDHKNRT.js[39m    [2m | [22m[2m-[22m                      [2m | [22m[36m401 bytes[39m[2m | [22m              [36m401 bytes[39m

Application bundle generation failed. [4.632 seconds]

Γû▓ [WARNING] src/app/features/dashboard/settings/settings.component.css exceeded maximum budget. Budget 2.05 kB was not met by 2.50 kB with a total of 4.55 kB.


Γû▓ [WARNING] src/app/features/dashboard/feed/feed.component.css exceeded maximum budget. Budget 2.05 kB was not met by 2.83 kB with a total of 4.88 kB.


Γû▓ [WARNING] src/app/features/dashboard/requests/requests.component.css exceeded maximum budget. Budget 2.05 kB was not met by 3.77 kB with a total of 5.81 kB.


Γû▓ [WARNING] src/app/features/dashboard/dashboard.component.css exceeded maximum budget. Budget 2.05 kB was not met by 891 bytes with a total of 2.94 kB.


Γû▓ [WARNING] src/app/features/dashboard/my-tasks/my-tasks.component.css exceeded maximum budget. Budget 2.05 kB was not met by 2.66 kB with a total of 4.71 kB.


Γû▓ [WARNING] src/app/features/dashboard/add-task/add-task.component.css exceeded maximum budget. Budget 2.05 kB was not met by 992 bytes with a total of 3.04 kB.


Γû▓ [WARNING] src/app/features/dashboard/my-requests/my-requests.component.css exceeded maximum budget. Budget 2.05 kB was not met by 3.83 kB with a total of 5.88 kB.


Γû▓ [WARNING] src/app/features/dashboard/profile/profile.component.css exceeded maximum budget. Budget 2.05 kB was not met by 1.61 kB with a total of 3.66 kB.


X [ERROR] src/app/features/dashboard/settings/settings.component.css exceeded maximum budget. Budget 4.10 kB was not met by 456 bytes with a total of 4.55 kB.


X [ERROR] src/app/features/dashboard/feed/feed.component.css exceeded maximum budget. Budget 4.10 kB was not met by 780 bytes with a total of 4.88 kB.


X [ERROR] src/app/features/dashboard/requests/requests.component.css exceeded maximum budget. Budget 4.10 kB was not met by 1.72 kB with a total of 5.81 kB.


X [ERROR] src/app/features/dashboard/my-tasks/my-tasks.component.css exceeded maximum budget. Budget 4.10 kB was not met by 610 bytes with a total of 4.71 kB.


X [ERROR] src/app/features/dashboard/my-requests/my-requests.component.css exceeded maximum budget. Budget 4.10 kB was not met by 1.78 kB with a total of 5.88 kB.


